<?xml version="1.0" encoding="UTF-8"?>
<testng-results ignored="0" total="2" passed="2" failed="0" skipped="0">
  <reporter-output>
  </reporter-output>
  <suite started-at="2024-05-21T22:14:21 WAT" name="Suite" finished-at="2024-05-21T22:15:08 WAT" duration-ms="46549">
    <groups>
      <group name="cucumber">
        <method signature="AbstractTestNGCucumberTests.runScenario(io.cucumber.testng.PickleWrapper,io.cucumber.testng.FeatureWrapper)[pri:0, instance:TestRunner.Run@73eb439a]" name="runScenario" class="io.cucumber.testng.AbstractTestNGCucumberTests"/>
      </group> <!-- cucumber -->
    </groups>
    <test started-at="2024-05-21T22:14:21 WAT" name="Test" finished-at="2024-05-21T22:15:08 WAT" duration-ms="46549">
      <class name="TestRunner.Run">
        <test-method is-config="true" signature="setUpClass(org.testng.ITestContext)[pri:0, instance:TestRunner.Run@73eb439a]" started-at="2024-05-21T22:14:21 WAT" name="setUpClass" finished-at="2024-05-21T22:14:23 WAT" duration-ms="1677" status="PASS">
          <params>
            <param index="0">
              <value>
                <![CDATA[org.testng.TestRunner@1fa18f87]]>
              </value>
            </param>
          </params>
          <reporter-output>
          </reporter-output>
        </test-method> <!-- setUpClass -->
        <test-method signature="runScenario(io.cucumber.testng.PickleWrapper,io.cucumber.testng.FeatureWrapper)[pri:0, instance:TestRunner.Run@73eb439a]" started-at="2024-05-21T22:14:23 WAT" name="runScenario" description="Runs Cucumber Scenarios" data-provider="scenarios" finished-at="2024-05-21T22:14:49 WAT" duration-ms="26308" status="PASS">
          <params>
            <param index="0">
              <value>
                <![CDATA["Add new customer"]]>
              </value>
            </param>
            <param index="1">
              <value>
                <![CDATA["Customer"]]>
              </value>
            </param>
          </params>
          <reporter-output>
          </reporter-output>
        </test-method> <!-- runScenario -->
        <test-method signature="runScenario(io.cucumber.testng.PickleWrapper,io.cucumber.testng.FeatureWrapper)[pri:0, instance:TestRunner.Run@73eb439a]" started-at="2024-05-21T22:14:49 WAT" name="runScenario" description="Runs Cucumber Scenarios" data-provider="scenarios" finished-at="2024-05-21T22:15:07 WAT" duration-ms="17908" status="PASS">
          <params>
            <param index="0">
              <value>
                <![CDATA["Search customer"]]>
              </value>
            </param>
            <param index="1">
              <value>
                <![CDATA["Customer"]]>
              </value>
            </param>
          </params>
          <reporter-output>
          </reporter-output>
        </test-method> <!-- runScenario -->
        <test-method is-config="true" signature="tearDownClass()[pri:0, instance:TestRunner.Run@73eb439a]" started-at="2024-05-21T22:15:07 WAT" name="tearDownClass" finished-at="2024-05-21T22:15:08 WAT" duration-ms="599" status="PASS">
          <reporter-output>
          </reporter-output>
        </test-method> <!-- tearDownClass -->
      </class> <!-- TestRunner.Run -->
    </test> <!-- Test -->
  </suite> <!-- Suite -->
</testng-results>
